----- 15/02/2012 10:40:52 p.m.: Tarea 'Programas': ANÁLISIS comenzado por Periodic Timer en ordenador 'SERVIDOR-HP' (GoodSync v 9.0.3.7 on Server 2008) -----
Programas: D:\SPS\soportes\fodun\Prog <-> =My Book:\Backup\Programas (F:\Backup\Programas), CleanupOldGens=12m, TmpDest, EstReq, CopyLocked, DetectMovesAndRenames, DetectFolderMoves, FileLinksDrill, CaseSens, Reconnect=3, ChangeLimit=10
Excluir Ocultos, Excluir Sistema, Excluir licens*.rfo|cache.rfo|mru.rfo|mpp*.rfo|RoboForm Online Account.rfp|name *._gstmp|/System Volume Information|Thumbs.db|.DS_Store 
izquierda: Leer archivo de estado D:\SPS\soportes\fodun\Prog\_gsdata_\_file_state._gs
Locking folder D:\SPS\soportes\fodun\Prog for write
izquierda: Archivos: 3,266 (excluidos 8). Carpetas: 39 (excluidas 1). D: NTFS, Libre: 245 GB, Total: 365 GB
derecha: Leer archivo de estado F:\Backup\Programas\_gsdata_\_file_state._gs
Locking folder F:\Backup\Programas for write
derecha: Archivos: 3,262 (excluidos 0). Carpetas: 39 (excluidas 1). F: FAT32, Libre: 632 GB, Total: 931 GB
En el disco file:///F: el espacio necesario para sincronizar es 32.0 KB, tiene 632 GB
Cambios: 8, Conflictos: 0, TiempoCopia: 0, EstadoCopia: 0, Errores: 0
Left to Right: Copy File: 8 
----- 15/02/2012 10:40:53 p.m.: Análisis Completado. Tiempo 00:00:01, Velocidad: 3,314 archivo/s -----
===== 15/02/2012 10:40:53 p.m.: Tarea 'Programas': SINC comenzada por Periodic Timer en ordenador 'SERVIDOR-HP' =====
Programas: D:\SPS\soportes\fodun\Prog <-> =My Book:\Backup\Programas (F:\Backup\Programas), CleanupOldGens=12m, TmpDest, EstReq, CopyLocked, DetectMovesAndRenames, DetectFolderMoves, FileLinksDrill, CaseSens, Reconnect=3, ChangeLimit=10
Fraction of files changed is low enough to perform Auto Sync: 0% (8 / 3314) < 10%
Copiar Sobre 'D:\SPS\soportes\fodun\Prog\C-Facultades.r' -> 'F:\Backup\Programas\C-Facultades.r'
Copiar Sobre 'D:\SPS\soportes\fodun\Prog\C-Facultades.w' -> 'F:\Backup\Programas\C-Facultades.w'
Copying D:\SPS\soportes\fodun\Prog\DBIa06736: Size mismatch: Expected 0, Transferred 1,671,168: will correct state info
Copiar Nueva 'D:\SPS\soportes\fodun\Prog\DBIa06736' -> 'F:\Backup\Programas\DBIa06736'
Copying D:\SPS\soportes\fodun\Prog\lbia06736: Size mismatch: Expected 0, Transferred 31,456: will correct state info
Copiar Nueva 'D:\SPS\soportes\fodun\Prog\lbia06736' -> 'F:\Backup\Programas\lbia06736'
Copiar Nueva 'D:\SPS\soportes\fodun\Prog\rcda06736' -> 'F:\Backup\Programas\rcda06736'
Copiar Nueva 'D:\SPS\soportes\fodun\Prog\srta06736' -> 'F:\Backup\Programas\srta06736'
Copiar Sobre 'D:\SPS\soportes\fodun\Prog\W-CF_Facultades.r' -> 'F:\Backup\Programas\W-CF_Facultades.r'
Copiar Sobre 'D:\SPS\soportes\fodun\Prog\W-CF_Facultades.w' -> 'F:\Backup\Programas\W-CF_Facultades.w'
Guardar archivo de estado D:\SPS\soportes\fodun\Prog\_gsdata_\_file_state._gs
Guardar archivo de estado F:\Backup\Programas\_gsdata_\_file_state._gs
Delete lock file D:\SPS\soportes\fodun\Prog\_gsdata_\lock.gsl
Delete lock file F:\Backup\Programas\_gsdata_\lock.gsl
Elementos Sincronizados OK: 8, Errores: 0
===== 15/02/2012 10:40:55 p.m.: Sinc. Completa. Tiempo: 00:00:02, Velocidad:  =====

