----- 16/02/2012 10:42:01 a.m.: Tarea 'Programas': ANÁLISIS comenzado por Periodic Timer en ordenador 'SERVIDOR-HP' (GoodSync v 9.0.3.7 on Server 2008) -----
Programas: D:\SPS\soportes\fodun\Prog <-> =My Book:\Backup\Programas (F:\Backup\Programas), CleanupOldGens=12m, TmpDest, EstReq, CopyLocked, DetectMovesAndRenames, DetectFolderMoves, FileLinksDrill, CaseSens, Reconnect=3, ChangeLimit=10
Excluir Ocultos, Excluir Sistema, Excluir licens*.rfo|cache.rfo|mru.rfo|mpp*.rfo|RoboForm Online Account.rfp|name *._gstmp|/System Volume Information|Thumbs.db|.DS_Store 
izquierda: Leer archivo de estado D:\SPS\soportes\fodun\Prog\_gsdata_\_file_state._gs
Locking folder D:\SPS\soportes\fodun\Prog for write
izquierda: Archivos: 3,271 (excluidos 8). Carpetas: 39 (excluidas 1). D: NTFS, Libre: 246 GB, Total: 365 GB
derecha: Leer archivo de estado F:\Backup\Programas\_gsdata_\_file_state._gs
Locking folder F:\Backup\Programas for write
derecha: Archivos: 3,267 (excluidos 0). Carpetas: 39 (excluidas 1). F: FAT32, Libre: 633 GB, Total: 931 GB
En el disco file:///F: el espacio necesario para sincronizar es 64.0 KB, tiene 633 GB
Cambios: 6, Conflictos: 0, TiempoCopia: 0, EstadoCopia: 0, Errores: 0
Left to Right: Copy File: 6 
----- 16/02/2012 10:42:03 a.m.: Análisis Completado. Tiempo 00:00:02, Velocidad: 1,659 archivo/s -----
===== 16/02/2012 10:42:03 a.m.: Tarea 'Programas': SINC comenzada por Periodic Timer en ordenador 'SERVIDOR-HP' =====
Programas: D:\SPS\soportes\fodun\Prog <-> =My Book:\Backup\Programas (F:\Backup\Programas), CleanupOldGens=12m, TmpDest, EstReq, CopyLocked, DetectMovesAndRenames, DetectFolderMoves, FileLinksDrill, CaseSens, Reconnect=3, ChangeLimit=10
Fraction of files changed is low enough to perform Auto Sync: 0% (6 / 3319) < 10%
Copying D:\SPS\soportes\fodun\Prog\DBIa07888: Size mismatch: Expected 0, Transferred 1,114,112: will correct state info
Copiar Nueva 'D:\SPS\soportes\fodun\Prog\DBIa07888' -> 'F:\Backup\Programas\DBIa07888'
Copiar Nueva 'D:\SPS\soportes\fodun\Prog\lbia07888' -> 'F:\Backup\Programas\lbia07888'
Copiar Nueva 'D:\SPS\soportes\fodun\Prog\rcda07888' -> 'F:\Backup\Programas\rcda07888'
Copiar Nueva 'D:\SPS\soportes\fodun\Prog\srta07888' -> 'F:\Backup\Programas\srta07888'
Copiar Sobre 'D:\SPS\soportes\fodun\Prog\W-CF_Facultades.r' -> 'F:\Backup\Programas\W-CF_Facultades.r'
Copiar Sobre 'D:\SPS\soportes\fodun\Prog\W-CF_Facultades.w' -> 'F:\Backup\Programas\W-CF_Facultades.w'
Guardar archivo de estado D:\SPS\soportes\fodun\Prog\_gsdata_\_file_state._gs
Guardar archivo de estado F:\Backup\Programas\_gsdata_\_file_state._gs
Delete lock file D:\SPS\soportes\fodun\Prog\_gsdata_\lock.gsl
Delete lock file F:\Backup\Programas\_gsdata_\lock.gsl
Elementos Sincronizados OK: 6, Errores: 0
===== 16/02/2012 10:42:04 a.m.: Sinc. Completa. Tiempo: 00:00:01, Velocidad:  =====

