----- 22/02/2012 11:09:05 a.m.: Tarea 'Programas': ANÁLISIS comenzado por Periodic Timer en ordenador 'SERVIDOR-HP' (GoodSync v 9.0.3.7 on Server 2008) -----
Programas: D:\SPS\soportes\fodun\Prog <-> =My Book:\Backup\Programas (F:\Backup\Programas), CleanupOldGens=12m, TmpDest, EstReq, CopyLocked, DetectMovesAndRenames, DetectFolderMoves, FileLinksDrill, CaseSens, Reconnect=3, ChangeLimit=10
Excluir Ocultos, Excluir Sistema, Excluir licens*.rfo|cache.rfo|mru.rfo|mpp*.rfo|RoboForm Online Account.rfp|name *._gstmp|/System Volume Information|Thumbs.db|.DS_Store 
izquierda: Leer archivo de estado D:\SPS\soportes\fodun\Prog\_gsdata_\_file_state._gs
Locking folder D:\SPS\soportes\fodun\Prog for write
izquierda: Archivos: 3,275 (excluidos 8). Carpetas: 39 (excluidas 1). D: NTFS, Libre: 246 GB, Total: 365 GB
derecha: Leer archivo de estado F:\Backup\Programas\_gsdata_\_file_state._gs
Locking folder F:\Backup\Programas for write
derecha: Archivos: 3,270 (excluidos 0). Carpetas: 39 (excluidas 1). F: FAT32, Libre: 633 GB, Total: 931 GB
En el disco file:///F: el espacio necesario para sincronizar es 160 KB, tiene 633 GB
Cambios: 6, Conflictos: 0, TiempoCopia: 0, EstadoCopia: 0, Errores: 0
Left to Right: Copy File: 6 
----- 22/02/2012 11:09:06 a.m.: Análisis Completado. Tiempo 00:00:01, Velocidad: 3,323 archivo/s -----
===== 22/02/2012 11:09:06 a.m.: Tarea 'Programas': SINC comenzada por Periodic Timer en ordenador 'SERVIDOR-HP' =====
Programas: D:\SPS\soportes\fodun\Prog <-> =My Book:\Backup\Programas (F:\Backup\Programas), CleanupOldGens=12m, TmpDest, EstReq, CopyLocked, DetectMovesAndRenames, DetectFolderMoves, FileLinksDrill, CaseSens, Reconnect=3, ChangeLimit=10
Fraction of files changed is low enough to perform Auto Sync: 0% (6 / 3323) < 10%
Copying D:\SPS\soportes\fodun\Prog\DBIa05632: Size mismatch: Expected 0, Transferred 1,409,024: will correct state info
Copiar Nueva 'D:\SPS\soportes\fodun\Prog\DBIa05632' -> 'F:\Backup\Programas\DBIa05632'
Copying D:\SPS\soportes\fodun\Prog\lbia05632: Size mismatch: Expected 0, Transferred 95,978: will correct state info
Copiar Nueva 'D:\SPS\soportes\fodun\Prog\lbia05632' -> 'F:\Backup\Programas\lbia05632'
Copiar Nueva 'D:\SPS\soportes\fodun\Prog\rcda05632' -> 'F:\Backup\Programas\rcda05632'
Copiar Nueva 'D:\SPS\soportes\fodun\Prog\srta05632' -> 'F:\Backup\Programas\srta05632'
Copiar Nueva 'D:\SPS\soportes\fodun\Prog\W-ClientesMovExport.r' -> 'F:\Backup\Programas\W-ClientesMovExport.r'
Copiar Sobre 'D:\SPS\soportes\fodun\Prog\W-ClientesMovExport.w' -> 'F:\Backup\Programas\W-ClientesMovExport.w'
Guardar archivo de estado D:\SPS\soportes\fodun\Prog\_gsdata_\_file_state._gs
Guardar archivo de estado F:\Backup\Programas\_gsdata_\_file_state._gs
Delete lock file D:\SPS\soportes\fodun\Prog\_gsdata_\lock.gsl
Delete lock file F:\Backup\Programas\_gsdata_\lock.gsl
Elementos Sincronizados OK: 6, Errores: 0
===== 22/02/2012 11:09:08 a.m.: Sinc. Completa. Tiempo: 00:00:02, Velocidad:  =====

