----- 21/02/2012 01:06:50 a.m.: Tarea 'Programas': ANÁLISIS comenzado por Periodic Timer en ordenador 'SERVIDOR-HP' (GoodSync v 9.0.3.7 on Server 2008) -----
Programas: D:\SPS\soportes\fodun\Prog <-> =My Book:\Backup\Programas (F:\Backup\Programas), CleanupOldGens=12m, TmpDest, EstReq, CopyLocked, DetectMovesAndRenames, DetectFolderMoves, FileLinksDrill, CaseSens, Reconnect=3, ChangeLimit=10
Excluir Ocultos, Excluir Sistema, Excluir licens*.rfo|cache.rfo|mru.rfo|mpp*.rfo|RoboForm Online Account.rfp|name *._gstmp|/System Volume Information|Thumbs.db|.DS_Store 
izquierda: Leer archivo de estado D:\SPS\soportes\fodun\Prog\_gsdata_\_file_state._gs
Locking folder D:\SPS\soportes\fodun\Prog for write
izquierda: Archivos: 3,270 (excluidos 8). Carpetas: 39 (excluidas 1). D: NTFS, Libre: 246 GB, Total: 365 GB
derecha: Leer archivo de estado F:\Backup\Programas\_gsdata_\_file_state._gs
Locking folder F:\Backup\Programas for write
derecha: Archivos: 3,270 (excluidos 0). Carpetas: 39 (excluidas 1). F: FAT32, Libre: 633 GB, Total: 931 GB
En el disco file:///F: el espacio necesario para sincronizar es 864 KB, tiene 633 GB
Cambios: 3, Conflictos: 0, TiempoCopia: 0, EstadoCopia: 0, Errores: 0
Left to Right: Copy File: 3 
----- 21/02/2012 01:06:51 a.m.: Análisis Completado. Tiempo 00:00:01, Velocidad: 3,318 archivo/s -----
===== 21/02/2012 01:06:51 a.m.: Tarea 'Programas': SINC comenzada por Periodic Timer en ordenador 'SERVIDOR-HP' =====
Programas: D:\SPS\soportes\fodun\Prog <-> =My Book:\Backup\Programas (F:\Backup\Programas), CleanupOldGens=12m, TmpDest, EstReq, CopyLocked, DetectMovesAndRenames, DetectFolderMoves, FileLinksDrill, CaseSens, Reconnect=3, ChangeLimit=10
Fraction of files changed is low enough to perform Auto Sync: 0% (3 / 3318) < 10%
Copiar Sobre 'D:\SPS\soportes\fodun\Prog\W-ProClientesnew.r' -> 'F:\Backup\Programas\W-ProClientesnew.r'
Copiar Sobre 'D:\SPS\soportes\fodun\Prog\W-ProClientesnew.w' -> 'F:\Backup\Programas\W-ProClientesnew.w'
Copiar Sobre 'D:\SPS\soportes\fodun\Prog\W-ProClientesnew.wrx' -> 'F:\Backup\Programas\W-ProClientesnew.wrx'
Guardar archivo de estado D:\SPS\soportes\fodun\Prog\_gsdata_\_file_state._gs
Guardar archivo de estado F:\Backup\Programas\_gsdata_\_file_state._gs
Delete lock file D:\SPS\soportes\fodun\Prog\_gsdata_\lock.gsl
Delete lock file F:\Backup\Programas\_gsdata_\lock.gsl
Elementos Sincronizados OK: 3, Errores: 0
===== 21/02/2012 01:06:52 a.m.: Sinc. Completa. Tiempo: 00:00:01, Velocidad:  =====

