----- 15/02/2012 04:40:25 p.m.: Tarea 'Programas': ANÁLISIS comenzado por Periodic Timer en ordenador 'SERVIDOR-HP' (GoodSync v 9.0.3.7 on Server 2008) -----
Programas: D:\SPS\soportes\fodun\Prog <-> =My Book:\Backup\Programas (F:\Backup\Programas), CleanupOldGens=12m, TmpDest, EstReq, CopyLocked, DetectMovesAndRenames, DetectFolderMoves, FileLinksDrill, CaseSens, Reconnect=3, ChangeLimit=10
Excluir Ocultos, Excluir Sistema, Excluir licens*.rfo|cache.rfo|mru.rfo|mpp*.rfo|RoboForm Online Account.rfp|name *._gstmp|/System Volume Information|Thumbs.db|.DS_Store 
izquierda: Leer archivo de estado D:\SPS\soportes\fodun\Prog\_gsdata_\_file_state._gs
Locking folder D:\SPS\soportes\fodun\Prog for write
izquierda: Archivos: 3,266 (excluidos 8). Carpetas: 39 (excluidas 1). D: NTFS, Libre: 245 GB, Total: 365 GB
derecha: Leer archivo de estado F:\Backup\Programas\_gsdata_\_file_state._gs
Locking folder F:\Backup\Programas for write
derecha: Archivos: 3,262 (excluidos 0). Carpetas: 39 (excluidas 1). F: FAT32, Libre: 632 GB, Total: 931 GB
En el disco file:///F: el espacio necesario para sincronizar es 1.34 MB, tiene 632 GB
Cambios: 11, Conflictos: 0, TiempoCopia: 0, EstadoCopia: 0, Errores: 0
Left to Right: Copy File: 10 Delete File: 1 
----- 15/02/2012 04:40:34 p.m.: Análisis Completado. Tiempo 00:00:09, Velocidad: 368 archivo/s -----
===== 15/02/2012 04:40:34 p.m.: Tarea 'Programas': SINC comenzada por Periodic Timer en ordenador 'SERVIDOR-HP' =====
Programas: D:\SPS\soportes\fodun\Prog <-> =My Book:\Backup\Programas (F:\Backup\Programas), CleanupOldGens=12m, TmpDest, EstReq, CopyLocked, DetectMovesAndRenames, DetectFolderMoves, FileLinksDrill, CaseSens, Reconnect=3, ChangeLimit=10
Fraction of files changed is low enough to perform Auto Sync: 0% (11 / 3315) < 10%
Borrar Archivo 'F:\Backup\Programas\p35379_RevisarSaldoCreditos.cmp'
Copiar Sobre 'D:\SPS\soportes\fodun\Prog\DBIa05116' -> 'F:\Backup\Programas\DBIa05116'
Copying D:\SPS\soportes\fodun\Prog\DBIa07340: Size mismatch: Expected 0, Transferred 1,343,488: will correct state info
Copiar Nueva 'D:\SPS\soportes\fodun\Prog\DBIa07340' -> 'F:\Backup\Programas\DBIa07340'
Copiar Nueva 'D:\SPS\soportes\fodun\Prog\Imagenes\Modify.jpg' -> 'F:\Backup\Programas\Imagenes\Modify.jpg'
Copiar Sobre 'D:\SPS\soportes\fodun\Prog\lbia05116' -> 'F:\Backup\Programas\lbia05116'
Copying D:\SPS\soportes\fodun\Prog\lbia07340: Size mismatch: Expected 0, Transferred 23,439: will correct state info
Copiar Nueva 'D:\SPS\soportes\fodun\Prog\lbia07340' -> 'F:\Backup\Programas\lbia07340'
Copiar Nueva 'D:\SPS\soportes\fodun\Prog\rcda07340' -> 'F:\Backup\Programas\rcda07340'
Copiar Sobre 'D:\SPS\soportes\fodun\Prog\scripts\RevisarSaldoCreditos.p' -> 'F:\Backup\Programas\scripts\RevisarSaldoCreditos.p'
Copiar Nueva 'D:\SPS\soportes\fodun\Prog\srta07340' -> 'F:\Backup\Programas\srta07340'
Copiar Sobre 'D:\SPS\soportes\fodun\Prog\W-CF_Facultades.r' -> 'F:\Backup\Programas\W-CF_Facultades.r'
Copiar Sobre 'D:\SPS\soportes\fodun\Prog\W-CF_Facultades.w' -> 'F:\Backup\Programas\W-CF_Facultades.w'
Guardar archivo de estado D:\SPS\soportes\fodun\Prog\_gsdata_\_file_state._gs
Guardar archivo de estado F:\Backup\Programas\_gsdata_\_file_state._gs
Delete lock file D:\SPS\soportes\fodun\Prog\_gsdata_\lock.gsl
Delete lock file F:\Backup\Programas\_gsdata_\lock.gsl
Elementos Sincronizados OK: 11, Errores: 0
===== 15/02/2012 04:40:36 p.m.: Sinc. Completa. Tiempo: 00:00:02, Velocidad:  =====

