----- 20/02/2012 09:06:19 p.m.: Tarea 'Programas': ANÁLISIS comenzado por Periodic Timer en ordenador 'SERVIDOR-HP' (GoodSync v 9.0.3.7 on Server 2008) -----
Programas: D:\SPS\soportes\fodun\Prog <-> =My Book:\Backup\Programas (F:\Backup\Programas), CleanupOldGens=12m, TmpDest, EstReq, CopyLocked, DetectMovesAndRenames, DetectFolderMoves, FileLinksDrill, CaseSens, Reconnect=3, ChangeLimit=10
Excluir Ocultos, Excluir Sistema, Excluir licens*.rfo|cache.rfo|mru.rfo|mpp*.rfo|RoboForm Online Account.rfp|name *._gstmp|/System Volume Information|Thumbs.db|.DS_Store 
izquierda: Leer archivo de estado D:\SPS\soportes\fodun\Prog\_gsdata_\_file_state._gs
Locking folder D:\SPS\soportes\fodun\Prog for write
izquierda: Archivos: 3,274 (excluidos 8). Carpetas: 39 (excluidas 1). D: NTFS, Libre: 246 GB, Total: 365 GB
derecha: Leer archivo de estado F:\Backup\Programas\_gsdata_\_file_state._gs
Locking folder F:\Backup\Programas for write
derecha: Archivos: 3,270 (excluidos 0). Carpetas: 39 (excluidas 1). F: FAT32, Libre: 633 GB, Total: 931 GB
En el disco file:///F: el espacio necesario para sincronizar es 320 KB, tiene 633 GB
Cambios: 8, Conflictos: 0, TiempoCopia: 0, EstadoCopia: 0, Errores: 0
Left to Right: Copy File: 8 
----- 20/02/2012 09:06:28 p.m.: Análisis Completado. Tiempo 00:00:09, Velocidad: 369 archivo/s -----
===== 20/02/2012 09:06:28 p.m.: Tarea 'Programas': SINC comenzada por Periodic Timer en ordenador 'SERVIDOR-HP' =====
Programas: D:\SPS\soportes\fodun\Prog <-> =My Book:\Backup\Programas (F:\Backup\Programas), CleanupOldGens=12m, TmpDest, EstReq, CopyLocked, DetectMovesAndRenames, DetectFolderMoves, FileLinksDrill, CaseSens, Reconnect=3, ChangeLimit=10
Fraction of files changed is low enough to perform Auto Sync: 0% (8 / 3322) < 10%
Copying D:\SPS\soportes\fodun\Prog\DBIa09100: Size mismatch: Expected 0, Transferred 2,093,056: will correct state info
Copiar Nueva 'D:\SPS\soportes\fodun\Prog\DBIa09100' -> 'F:\Backup\Programas\DBIa09100'
Copiar Nueva 'D:\SPS\soportes\fodun\Prog\lbia09100' -> 'F:\Backup\Programas\lbia09100'
Copiar Sobre 'D:\SPS\soportes\fodun\Prog\P-Descuadre.p' -> 'F:\Backup\Programas\P-Descuadre.p'
Copiar Sobre 'D:\SPS\soportes\fodun\Prog\P-MAYOR_fodun.p' -> 'F:\Backup\Programas\P-MAYOR_fodun.p'
Copiar Nueva 'D:\SPS\soportes\fodun\Prog\rcda09100' -> 'F:\Backup\Programas\rcda09100'
Copiar Nueva 'D:\SPS\soportes\fodun\Prog\srta09100' -> 'F:\Backup\Programas\srta09100'
Copiar Sobre 'D:\SPS\soportes\fodun\Prog\W-Exportar_Archivos.w' -> 'F:\Backup\Programas\W-Exportar_Archivos.w'
Copiar Sobre 'D:\SPS\soportes\fodun\Prog\W-RP_BalancePrueba.p' -> 'F:\Backup\Programas\W-RP_BalancePrueba.p'
Guardar archivo de estado D:\SPS\soportes\fodun\Prog\_gsdata_\_file_state._gs
Guardar archivo de estado F:\Backup\Programas\_gsdata_\_file_state._gs
Delete lock file D:\SPS\soportes\fodun\Prog\_gsdata_\lock.gsl
Delete lock file F:\Backup\Programas\_gsdata_\lock.gsl
Elementos Sincronizados OK: 8, Errores: 0
===== 20/02/2012 09:06:29 p.m.: Sinc. Completa. Tiempo: 00:00:01, Velocidad:  =====

