----- 20/02/2012 07:06:03 p.m.: Tarea 'Programas': ANÁLISIS comenzado por Periodic Timer en ordenador 'SERVIDOR-HP' (GoodSync v 9.0.3.7 on Server 2008) -----
Programas: D:\SPS\soportes\fodun\Prog <-> =My Book:\Backup\Programas (F:\Backup\Programas), CleanupOldGens=12m, TmpDest, EstReq, CopyLocked, DetectMovesAndRenames, DetectFolderMoves, FileLinksDrill, CaseSens, Reconnect=3, ChangeLimit=10
Excluir Ocultos, Excluir Sistema, Excluir licens*.rfo|cache.rfo|mru.rfo|mpp*.rfo|RoboForm Online Account.rfp|name *._gstmp|/System Volume Information|Thumbs.db|.DS_Store 
izquierda: Leer archivo de estado D:\SPS\soportes\fodun\Prog\_gsdata_\_file_state._gs
Locking folder D:\SPS\soportes\fodun\Prog for write
izquierda: Archivos: 3,270 (excluidos 8). Carpetas: 39 (excluidas 1). D: NTFS, Libre: 246 GB, Total: 365 GB
derecha: Leer archivo de estado F:\Backup\Programas\_gsdata_\_file_state._gs
Locking folder F:\Backup\Programas for write
derecha: Archivos: 3,274 (excluidos 0). Carpetas: 39 (excluidas 1). F: FAT32, Libre: 633 GB, Total: 931 GB
Cambios: 6, Conflictos: 0, TiempoCopia: 0, EstadoCopia: 0, Errores: 0
Left to Right: Copy File: 2 Delete File: 4 
----- 20/02/2012 07:06:12 p.m.: Análisis Completado. Tiempo 00:00:09, Velocidad: 369 archivo/s -----
===== 20/02/2012 07:06:12 p.m.: Tarea 'Programas': SINC comenzada por Periodic Timer en ordenador 'SERVIDOR-HP' =====
Programas: D:\SPS\soportes\fodun\Prog <-> =My Book:\Backup\Programas (F:\Backup\Programas), CleanupOldGens=12m, TmpDest, EstReq, CopyLocked, DetectMovesAndRenames, DetectFolderMoves, FileLinksDrill, CaseSens, Reconnect=3, ChangeLimit=10
Fraction of files changed is low enough to perform Auto Sync: 0% (6 / 3322) < 10%
Borrar Archivo 'F:\Backup\Programas\DBIa02368'
Borrar Archivo 'F:\Backup\Programas\lbia02368'
Borrar Archivo 'F:\Backup\Programas\rcda02368'
Borrar Archivo 'F:\Backup\Programas\srta02368'
Copiar Sobre 'D:\SPS\soportes\fodun\Prog\W-Prc_CierreMes.r' -> 'F:\Backup\Programas\W-Prc_CierreMes.r'
Copiar Sobre 'D:\SPS\soportes\fodun\Prog\W-Prc_CierreMes.W' -> 'F:\Backup\Programas\W-Prc_CierreMes.W'
Guardar archivo de estado D:\SPS\soportes\fodun\Prog\_gsdata_\_file_state._gs
Guardar archivo de estado F:\Backup\Programas\_gsdata_\_file_state._gs
Delete lock file D:\SPS\soportes\fodun\Prog\_gsdata_\lock.gsl
Delete lock file F:\Backup\Programas\_gsdata_\lock.gsl
Elementos Sincronizados OK: 6, Errores: 0
===== 20/02/2012 07:06:13 p.m.: Sinc. Completa. Tiempo: 00:00:01, Velocidad:  =====

