----- 22/02/2012 01:09:10 p.m.: Tarea 'Programas': ANÁLISIS comenzado por Periodic Timer en ordenador 'SERVIDOR-HP' (GoodSync v 9.0.3.7 on Server 2008) -----
Programas: D:\SPS\soportes\fodun\Prog <-> =My Book:\Backup\Programas (F:\Backup\Programas), CleanupOldGens=12m, TmpDest, EstReq, CopyLocked, DetectMovesAndRenames, DetectFolderMoves, FileLinksDrill, CaseSens, Reconnect=3, ChangeLimit=10
Excluir Ocultos, Excluir Sistema, Excluir licens*.rfo|cache.rfo|mru.rfo|mpp*.rfo|RoboForm Online Account.rfp|name *._gstmp|/System Volume Information|Thumbs.db|.DS_Store 
izquierda: Leer archivo de estado D:\SPS\soportes\fodun\Prog\_gsdata_\_file_state._gs
Locking folder D:\SPS\soportes\fodun\Prog for write
izquierda: Archivos: 3,276 (excluidos 8). Carpetas: 39 (excluidas 1). D: NTFS, Libre: 247 GB, Total: 365 GB
derecha: Leer archivo de estado F:\Backup\Programas\_gsdata_\_file_state._gs
Locking folder F:\Backup\Programas for write
derecha: Archivos: 3,275 (excluidos 0). Carpetas: 39 (excluidas 1). F: FAT32, Libre: 634 GB, Total: 931 GB
En el disco file:///F: el espacio necesario para sincronizar es 1.59 MB, tiene 634 GB
Cambios: 6, Conflictos: 0, TiempoCopia: 0, EstadoCopia: 0, Errores: 0
Left to Right: Copy File: 6 
----- 22/02/2012 01:09:12 p.m.: Análisis Completado. Tiempo 00:00:02, Velocidad: 1,662 archivo/s -----
===== 22/02/2012 01:09:12 p.m.: Tarea 'Programas': SINC comenzada por Periodic Timer en ordenador 'SERVIDOR-HP' =====
Programas: D:\SPS\soportes\fodun\Prog <-> =My Book:\Backup\Programas (F:\Backup\Programas), CleanupOldGens=12m, TmpDest, EstReq, CopyLocked, DetectMovesAndRenames, DetectFolderMoves, FileLinksDrill, CaseSens, Reconnect=3, ChangeLimit=10
Fraction of files changed is low enough to perform Auto Sync: 0% (6 / 3324) < 10%
Copiar Sobre 'D:\SPS\soportes\fodun\Prog\abocredito3.p' -> 'F:\Backup\Programas\abocredito3.p'
Copiar Sobre 'D:\SPS\soportes\fodun\Prog\DBIa05632' -> 'F:\Backup\Programas\DBIa05632'
Copiar Sobre 'D:\SPS\soportes\fodun\Prog\lbia05632' -> 'F:\Backup\Programas\lbia05632'
Copiar Nueva 'D:\SPS\soportes\fodun\Prog\scripts\ArreglarFecPagoRotativos.p' -> 'F:\Backup\Programas\scripts\ArreglarFecPagoRotativos.p'
Copiar Sobre 'D:\SPS\soportes\fodun\Prog\W-ClientesMovExport.r' -> 'F:\Backup\Programas\W-ClientesMovExport.r'
Copiar Sobre 'D:\SPS\soportes\fodun\Prog\W-ClientesMovExport.w' -> 'F:\Backup\Programas\W-ClientesMovExport.w'
Guardar archivo de estado D:\SPS\soportes\fodun\Prog\_gsdata_\_file_state._gs
Guardar archivo de estado F:\Backup\Programas\_gsdata_\_file_state._gs
Delete lock file D:\SPS\soportes\fodun\Prog\_gsdata_\lock.gsl
Delete lock file F:\Backup\Programas\_gsdata_\lock.gsl
Elementos Sincronizados OK: 6, Errores: 0
===== 22/02/2012 01:09:13 p.m.: Sinc. Completa. Tiempo: 00:00:01, Velocidad:  =====

