----- 15/02/2012 12:39:54 p.m.: Tarea 'Programas': ANÁLISIS comenzado por Periodic Timer en ordenador 'SERVIDOR-HP' (GoodSync v 9.0.3.7 on Server 2008) -----
Programas: D:\SPS\soportes\fodun\Prog <-> =My Book:\Backup\Programas (F:\Backup\Programas), CleanupOldGens=12m, TmpDest, EstReq, CopyLocked, DetectMovesAndRenames, DetectFolderMoves, FileLinksDrill, CaseSens, Reconnect=3, ChangeLimit=10
Excluir Ocultos, Excluir Sistema, Excluir licens*.rfo|cache.rfo|mru.rfo|mpp*.rfo|RoboForm Online Account.rfp|name *._gstmp|/System Volume Information|Thumbs.db|.DS_Store 
izquierda: Leer archivo de estado D:\SPS\soportes\fodun\Prog\_gsdata_\_file_state._gs
Locking folder D:\SPS\soportes\fodun\Prog for write
izquierda: Archivos: 3,262 (excluidos 8). Carpetas: 39 (excluidas 1). D: NTFS, Libre: 245 GB, Total: 365 GB
derecha: Leer archivo de estado F:\Backup\Programas\_gsdata_\_file_state._gs
Locking folder F:\Backup\Programas for write
derecha: Archivos: 3,262 (excluidos 0). Carpetas: 39 (excluidas 1). F: FAT32, Libre: 632 GB, Total: 931 GB
En el disco file:///F: el espacio necesario para sincronizar es 32.0 KB, tiene 632 GB
Cambios: 3, Conflictos: 0, TiempoCopia: 0, EstadoCopia: 0, Errores: 0
Left to Right: Copy File: 2 Delete File: 1 
----- 15/02/2012 12:40:02 p.m.: Análisis Completado. Tiempo 00:00:08, Velocidad: 413 archivo/s -----
===== 15/02/2012 12:40:02 p.m.: Tarea 'Programas': SINC comenzada por Periodic Timer en ordenador 'SERVIDOR-HP' =====
Programas: D:\SPS\soportes\fodun\Prog <-> =My Book:\Backup\Programas (F:\Backup\Programas), CleanupOldGens=12m, TmpDest, EstReq, CopyLocked, DetectMovesAndRenames, DetectFolderMoves, FileLinksDrill, CaseSens, Reconnect=3, ChangeLimit=10
Fraction of files changed is low enough to perform Auto Sync: 0% (3 / 3311) < 10%
Borrar Archivo 'F:\Backup\Programas\p12960_RevisarSaldoCreditos.cmp'
Copiar Nueva 'D:\SPS\soportes\fodun\Prog\p25318_RevisarSaldoCreditos.cmp' -> 'F:\Backup\Programas\p25318_RevisarSaldoCreditos.cmp'
Copiar Sobre 'D:\SPS\soportes\fodun\Prog\scripts\RevisarSaldoCreditos.p' -> 'F:\Backup\Programas\scripts\RevisarSaldoCreditos.p'
Guardar archivo de estado D:\SPS\soportes\fodun\Prog\_gsdata_\_file_state._gs
Guardar archivo de estado F:\Backup\Programas\_gsdata_\_file_state._gs
Delete lock file D:\SPS\soportes\fodun\Prog\_gsdata_\lock.gsl
Delete lock file F:\Backup\Programas\_gsdata_\lock.gsl
Elementos Sincronizados OK: 3, Errores: 0
===== 15/02/2012 12:40:03 p.m.: Sinc. Completa. Tiempo: 00:00:01, Velocidad:  =====

